#
# A fatal error has been detected by the Java Runtime Environment:
#
#  SIGBUS (0x7) at pc=0x0000787739de217b, pid=19590, tid=19639
#
# JRE version: OpenJDK Runtime Environment (11.0.11+9) (build 11.0.11+9-post-Debian-1deb10u1)
# Java VM: OpenJDK 64-Bit Server VM (11.0.11+9-post-Debian-1deb10u1, mixed mode, sharing, tiered, compressed oops, parallel gc, linux-amd64)
# Problematic frame:
# V  [libjvm.so+0xd7f17b]
#
# Core dump will be written. Default location: Core dumps may be processed with "/sbin/crash_reporter --user=%P:%s:%u:%g:%f" (or dumping to /home/info/location/core.19590)
#
# If you would like to submit a bug report, please visit:
#   https://bugs.debian.org/openjdk-11
#

---------------  S U M M A R Y ------------

Command Line: --add-modules=ALL-SYSTEM --add-opens=java.base/java.util=ALL-UNNAMED --add-opens=java.base/java.lang=ALL-UNNAMED -Declipse.application=org.eclipse.jdt.ls.core.id1 -Dosgi.bundles.defaultStartLevel=4 -Declipse.product=org.eclipse.jdt.ls.core.product -Dfile.encoding=utf8 -XX:+UseParallelGC -XX:GCTimeRatio=4 -XX:AdaptiveSizePolicyWeight=90 -Dsun.zip.disableMemoryMapping=true -Xmx1G -Xms100m -Xverify:none /home/info/.vscode/extensions/redhat.java-0.79.2/server/plugins/org.eclipse.equinox.launcher_1.6.100.v20201223-0822.jar -configuration /home/info/.config/Code/User/globalStorage/redhat.java/0.79.2/config_linux -data /home/info/.config/Code/User/workspaceStorage/e0dea505fcc80659db5ab26ef158eea3/redhat.java/jdt_ws

Host: 06/5c, 4 cores, 6G, Debian GNU/Linux 10 (buster)
Time: Thu Jun  3 00:22:30 2021 +01 elapsed time: 1294.084490 seconds (0d 0h 21m 34s)

---------------  T H R E A D  ---------------

Current thread (0x00007877343e9800):  JavaThread "pool-3-thread-1" [_thread_in_vm, id=19639, stack(0x00007876d78eb000,0x00007876d79ec000)]

Stack: [0x00007876d78eb000,0x00007876d79ec000],  sp=0x00007876d79ea350,  free space=1020k
Native frames: (J=compiled Java code, A=aot compiled Java code, j=interpreted, Vv=VM code, C=native code)
V  [libjvm.so+0xd7f17b]
V  [libjvm.so+0xd7f63f]
V  [libjvm.so+0x8cffa4]  JVM_MonitorWait+0xa4
J 4628  java.lang.Object.wait(J)V java.base@11.0.11 (0 bytes) @ 0x000078772457c7f8 [0x000078772457c740+0x00000000000000b8]
j  java.lang.Object.wait(JI)V+46 java.base@11.0.11
j  java.util.concurrent.TimeUnit.timedWait(Ljava/lang/Object;J)V+27 java.base@11.0.11
j  java.lang.ProcessImpl.waitFor(JLjava/util/concurrent/TimeUnit;)Z+38 java.base@11.0.11
j  org.eclipse.jdt.ls.core.internal.ParentProcessWatcher.parentProcessStillRunning()Z+116
j  org.eclipse.jdt.ls.core.internal.ParentProcessWatcher.run()V+1
j  java.util.concurrent.Executors$RunnableAdapter.call()Ljava/lang/Object;+4 java.base@11.0.11
j  java.util.concurrent.FutureTask.runAndReset()Z+44 java.base@11.0.11
j  java.util.concurrent.ScheduledThreadPoolExecutor$ScheduledFutureTask.run()V+35 java.base@11.0.11
j  java.util.concurrent.ThreadPoolExecutor.runWorker(Ljava/util/concurrent/ThreadPoolExecutor$Worker;)V+92 java.base@11.0.11
j  java.util.concurrent.ThreadPoolExecutor$Worker.run()V+5 java.base@11.0.11
j  java.lang.Thread.run()V+11 java.base@11.0.11
v  ~StubRoutines::call_stub
V  [libjvm.so+0x830bc1]V  [libjvm.so+0x82f060]
V  [libjvm.so+0x82f11b]
  [libjvm.so+0x8cef9c]
V  [libjvm.so+0xdbf5f0]
V  [libjvm.so+0xdbb489]
V  [libjvm.so+0xb7f84e]

Java frames: (J=compiled Java code, j=interpreted, Vv=VM code)
J 4628  java.lang.Object.wait(J)V java.base@11.0.11 (0 bytes) @ 0x000078772457c788 [0x000078772457c740+0x0000000000000048]
j  java.lang.Object.wait(JI)V+46 java.base@11.0.11j  java.util.concurrent.TimeUnit.timedWait(Ljava/lang/Object;J)V+27 java.base@11.0.11
j  java.lang.ProcessImpl.waitFor(JLjava/util/concurrent/TimeUnit;)Z+38 java.base@11.0.11
j  org.eclipse.jdt.ls.core.internal.ParentProcessWatcher.parentProcessStillRunning()Z+116
j  org.eclipse.jdt.ls.core.internal.ParentProcessWatcher.run()V+1
j  java.util.concurrent.Executors$RunnableAdapter.call()Ljava/lang/Object;+4 java.base@11.0.11
j  java.util.concurrent.FutureTask.runAndReset()Z+44 java.base@11.0.11
+35 java.base@11.0.11
+92 java.base@11.0.11
+5 java.base
j  java.lang.Thread.run()V48 c7 83 80 00 00 00 00
0x0000787739de225b:   00 00 00 48 c7 83 90 00 00 00 00 00 00 00 48 c7
0x0000787739de226b:   83 a8 00 00 00 00 00 00 00 48 c7 83 98 00 00 00 


Stack slot to memory mapping:
stack at sp + 0 slots: 0x00007876d79ea400 is pointing into the stack for thread: 0x00007877343e9800
stack at sp + 1 slots: 0x00007876d79ea478 is pointing into the stack for thread: 0x00007877343e9800
stack at sp + 2 slots: 0x000078771c881cc0 is at code_begin+1664 in an Interpreter codelet
invoke return entry points  [0x000078771c881640, 0x000078771c882060]  2592 bytes
stack at sp + 3 slots: 0x0000000000000002 is an unknown value
stack at sp + 4 slots: 0x0 is NULL
stack at sp + 5 slots: 0x0 is NULL
stack at sp + 6 slots: 0x0 is NULL
stack at sp + 7 slots: 0x0 is NULL


---------------  P R O C E S S  ---------------

Threads class SMR info:
_java_thread_list=0x00007876b0009f90, length=21, elements={
0x0000787734016800, 0x000078773415d000, 0x0000787734167000, 0x0000787734171800,
0x0000787734173800, 0x0000787734175800, 0x0000787734177800, 0x0000787734179800,
0x00007877341b2800, 0x000078773445b000, 0x000078773449c000, 0x000078773449e800,
0x00007876d8033000, 0x00007876d826d800, 0x00007876d84a3800, 0x00007876d8736800,
0x00007877343e9800, 0x000078773450d800, 0x00007876b0001800, 0x00007876c053b000,
0x00007876c8001800
}

Java Threads: ( => current thread )
  0x0000787734016800 JavaThread "main" [_thread_blocked, id=19591, stack(0x0000787738c41000,0x0000787738d42000)]
  0x000078773415d000 JavaThread "Reference Handler" daemon [_thread_blocked, id=19594, stack(0x00007877150f0000,0x00007877151f1000)]
  0x0000787734167000 JavaThread "Finalizer" daemon [_thread_blocked, id=19595, stack(0x0000787714fef000,0x00007877150f0000)]
  0x0000787734171800 JavaThread "Signal Dispatcher" daemon [_thread_blocked, id=19596, stack(0x0000787714c09000,0x0000787714d0a000)]
  0x0000787734173800 JavaThread "Service Thread" daemon [_thread_blocked, id=19597, stack(0x0000787714b08000,0x0000787714c09000)]
  0x0000787734175800 JavaThread "C2 CompilerThread0" daemon [_thread_blocked, id=19598, stack(0x0000787714a07000,0x0000787714b08000)]
  0x0000787734177800 JavaThread "C1 CompilerThread0" daemon [_thread_blocked, id=19599, stack(0x0000787714906000,0x0000787714a07000)]
  0x0000787734179800 JavaThread "Sweeper thread" daemon [_thread_blocked, id=19600, stack(0x0000787714805000,0x0000787714906000)]
  0x00007877341b2800 JavaThread "Common-Cleaner" daemon [_thread_blocked, id=19601, stack(0x0000787714704000,0x0000787714805000)]
  0x000078773445b000 JavaThread "Active Thread: Equinox Container: 2fa60778-50d2-4732-8772-d22ac70ac75b" [_thread_blocked, id=19608, stack(0x0000787714400000,0x0000787714501000)]
  0x000078773449c000 JavaThread "Framework Event Dispatcher: Equinox Container: 2fa60778-50d2-4732-8772-d22ac70ac75b" daemon [_thread_blocked, id=19609, stack(0x0000787714501000,0x0000787714602000)]
  0x000078773449e800 JavaThread "Start Level: Equinox Container: 2fa60778-50d2-4732-8772-d22ac70ac75b" daemon [_thread_blocked, id=19610, stack(0x00007877142ff000,0x0000787714400000)]
  0x00007876d8033000 JavaThread "SCR Component Actor" daemon [_thread_blocked, id=19614, stack(0x00007876d7bec000,0x00007876d7ced000)]
  0x00007876d826d800 JavaThread "Worker-JM" [_thread_blocked, id=19616, stack(0x00007876d75ea000,0x00007876d76eb000)]
  0x00007876d84a3800 JavaThread "Java indexing" daemon [_thread_blocked, id=19634, stack(0x00007876d6ce7000,0x00007876d6de8000)]
  0x00007876d8736800 JavaThread "logback configurator timer" daemon [_thread_blocked, id=19638, stack(0x00007876d6be6000,0x00007876d6ce7000)]
=>0x00007877343e9800 JavaThread "pool-3-thread-1" [_thread_in_vm, id=19639, stack(0x00007876d78eb000,0x00007876d79ec000)]
  0x000078773450d800 JavaThread "pool-2-thread-1" [_thread_in_native, id=19642, stack(0x00007876d62e3000,0x00007876d63e4000)]
  0x00007876b0001800 JavaThread "Worker-3" [_thread_blocked, id=19643, stack(0x00007876d5fe2000,0x00007876d60e3000)]
  0x00007876c053b000 JavaThread "Worker-4" [_thread_blocked, id=19645, stack(0x00007876d54f5000,0x00007876d55f6000)]
  0x00007876c8001800 JavaThread "process reaper" daemon [_thread_blocked, id=19687, stack(0x0000787738023000,0x0000787738045000)]

Other Threads:
  0x000078773415a000 VMThread "VM Thread" [stack: 0x00007877151f3000,0x00007877152f3000] [id=19593]
  0x00007877341f7000 WatcherThread [stack: 0x0000787714604000,0x0000787714704000] [id=19602]
  0x000078773402e000 GCTaskThread "ParGC Thread#0" [stack: 0x0000787738596000,0x0000787738696000] [id=19592]
  0x0000787710001000 GCTaskThread "ParGC Thread#1" [stack: 0x00007877141ff000,0x00007877142ff000] [id=19611]
  0x0000787710002800 GCTaskThread "ParGC Thread#2" [stack: 0x00007877140fd000,0x00007877141fd000] [id=19612]
  0x0000787710004000 GCTaskThread "ParGC Thread#3" [stack: 0x00007876d7f00000,0x00007876d8000000] [id=19613]

Threads with active compile tasks:

VM state:not at safepoint (normal execution)

VM Mutex/Monitor currently owned by a thread: None

Heap address: 0x00000000c0000000, size: 1024 MB, Compressed Oops mode: 32-bit
Narrow klass base: 0x0000000800000000, Narrow klass shift: 3
Compressed class space size: 1073741824 Address: 0x0000000840000000

Heap:
 PSYoungGen      total 22528K, used 2523K [0x00000000eab00000, 0x00000000ec300000, 0x0000000100000000)
  eden space 21504K, 7% used [0x00000000eab00000,0x00000000eac7c090,0x00000000ec000000)
  from space 1024K, 97% used [0x00000000ec200000,0x00000000ec2fac10,0x00000000ec300000)
  to   space 1536K, 0% used [0x00000000ec000000,0x00000000ec000000,0x00000000ec180000)
 ParOldGen       total 68608K, used 30290K [0x00000000c0000000, 0x00000000c4300000, 0x00000000eab00000)
  object space 68608K, 44% used [0x00000000c0000000,0x00000000c1d94a58,0x00000000c4300000)
 Metaspace       used 40455K, capacity 42989K, committed 43224K, reserved 1087488K
  class space    used 4194K, capacity 5026K, committed 5120K, reserved 1048576K

Card table byte_map: [0x00007877387ec000,0x00007877389ed000] _byte_map_base: 0x00007877381ec000

Marking Bits: (ParMarkBitMap*) 0x000078773a27a7e0
 Begin Bits: [0x0000787716000000, 0x0000787717000000)
 End Bits:   [0x0000787717000000, 0x0000787718000000)

Polling page: 0x000078773a6bf000

Metaspace:

Usage:
  Non-class:     37.07 MB capacity,    35.41 MB ( 96%) used,     1.57 MB (  4%) free+waste,    89.31 KB ( <1%) overhead. 
      Class:      4.91 MB capacity,     4.10 MB ( 83%) used,   787.70 KB ( 16%) free+waste,    44.06 KB ( <1%) overhead. 
       Both:     41.98 MB capacity,    39.51 MB ( 94%) used,     2.34 MB (  6%) free+waste,   133.38 KB ( <1%) overhead. 

Virtual space:
  Non-class space:       38.00 MB reserved,      37.21 MB ( 98%) committed 
      Class space:        1.00 GB reserved,       5.00 MB ( <1%) committed 
             Both:        1.04 GB reserved,      42.21 MB (  4%) committed 

Chunk freelists:
   Non-Class:  121.00 KB
       Class:  0 bytes
        Both:  121.00 KB

MaxMetaspaceSize: unlimited
CompressedClassSpaceSize: 1.00 GB

CodeHeap 'non-profiled nmethods': size=120032Kb used=2299Kb max_used=2299Kb free=117732Kb
 bounds [0x0000787724340000, 0x00007877245b0000, 0x000078772b878000]
CodeHeap 'profiled nmethods': size=120032Kb used=10311Kb max_used=10311Kb free=109720Kb
 bounds [0x000078771ce08000, 0x000078771d828000, 0x0000787724340000]
CodeHeap 'non-nmethods': size=5696Kb used=1208Kb max_used=1250Kb free=4487Kb
 bounds [0x000078771c878000, 0x000078771cae8000, 0x000078771ce08000]
 total_blobs=5174 nmethods=4576 adapters=513
 compilation: enabled
              stopped_count=0, restarted_count=0
 full_count=0

Compilation events (20 events):
Event: 1123.680 Thread 0x0000787734177800 4655   !   3       java.util.concurrent.ThreadPoolExecutor::getTask (177 bytes)
Event: 1123.683 Thread 0x0000787734177800 nmethod 4655 0x000078771d810d90 code [0x000078771d811020, 0x000078771d811fd0]
Event: 1133.676 Thread 0x0000787734177800 4656       3       java.util.concurrent.ThreadPoolExecutor$Worker::lock (6 bytes)
Event: 1133.681 Thread 0x0000787734177800 nmethod 4656 0x000078771d812490 code [0x000078771d812700, 0x000078771d813060]
Event: 1133.682 Thread 0x0000787734177800 4657       3       java.util.concurrent.ThreadPoolExecutor$Worker::tryAcquire (20 bytes)
Event: 1133.685 Thread 0x0000787734177800 nmethod 4657 0x000078771d813410 code [0x000078771d813640, 0x000078771d813cd0]
Event: 1133.690 Thread 0x0000787734177800 4658       3       java.util.concurrent.ThreadPoolExecutor::afterExecute (1 bytes)
Event: 1133.690 Thread 0x0000787734177800 nmethod 4658 0x000078771d813f90 code [0x000078771d814140, 0x000078771d814250]
Event: 1193.793 Thread 0x0000787734177800 4659   !   3       java.io.FileInputStream::close (69 bytes)
Event: 1193.794 Thread 0x0000787734177800 nmethod 4659 0x000078771d814310 code [0x000078771d814500, 0x000078771d814ad0]
Event: 1193.796 Thread 0x0000787734177800 4660       3       java.io.FileInputStream$1::close (11 bytes)
Event: 1193.797 Thread 0x0000787734177800 nmethod 4660 0x000078771d814c90 code [0x000078771d814e80, 0x000078771d815550]
Event: 1243.863 Thread 0x0000787734177800 4661       3       java.util.concurrent.CompletableFuture::<init> (5 bytes)
Event: 1243.864 Thread 0x0000787734177800 nmethod 4661 0x000078771d815790 code [0x000078771d815940, 0x000078771d815ab0]
Event: 1263.915 Thread 0x0000787734177800 4662       3       java.util.concurrent.CompletableFuture::completeValue (20 bytes)
Event: 1263.919 Thread 0x0000787734177800 nmethod 4662 0x000078771d815b90 code [0x000078771d815e00, 0x000078771d816750]
Event: 1283.990 Thread 0x0000787734177800 4663       3       java.util.concurrent.SynchronousQueue$TransferStack::awaitFulfill (169 bytes)
Event: 1283.999 Thread 0x0000787734177800 nmethod 4663 0x000078771d816a90 code [0x000078771d816ee0, 0x000078771d819160]
Event: 1293.989 Thread 0x0000787734177800 4664       1       org.eclipse.jdt.ls.core.internal.LanguageServer::getParentProcessId (5 bytes)
Event: 1293.990 Thread 0x0000787734177800 nmethod 4664 0x000078772457eb10 code [0x000078772457ecc0, 0x000078772457ed90]

GC Heap History (20 events):
Event: 19.750 GC heap before
{Heap before GC invocations=9 (full 2):
 PSYoungGen      total 26624K, used 23552K [0x00000000eab00000, 0x00000000ece80000, 0x0000000100000000)
  eden space 23552K, 100% used [0x00000000eab00000,0x00000000ec200000,0x00000000ec200000)
  from space 3072K, 0% used [0x00000000ec780000,0x00000000ec780000,0x00000000eca80000)
  to   space 5632K, 0% used [0x00000000ec200000,0x00000000ec200000,0x00000000ec780000)
 ParOldGen       total 68608K, used 15171K [0x00000000c0000000, 0x00000000c4300000, 0x00000000eab00000)
  object space 68608K, 22% used [0x00000000c0000000,0x00000000c0ed0f28,0x00000000c4300000)
 Metaspace       used 34725K, capacity 37088K, committed 37336K, reserved 1081344K
  class space    used 3777K, capacity 4572K, committed 4608K, reserved 1048576K
}
Event: 19.761 GC heap after
{Heap after GC invocations=9 (full 2):
 PSYoungGen      total 25600K, used 2336K [0x00000000eab00000, 0x00000000ec880000, 0x0000000100000000)
  eden space 23040K, 0% used [0x00000000eab00000,0x00000000eab00000,0x00000000ec180000)
  from space 2560K, 91% used [0x00000000ec200000,0x00000000ec448020,0x00000000ec480000)
  to   space 3584K, 0% used [0x00000000ec500000,0x00000000ec500000,0x00000000ec880000)
 ParOldGen       total 68608K, used 15179K [0x00000000c0000000, 0x00000000c4300000, 0x00000000eab00000)
  object space 68608K, 22% used [0x00000000c0000000,0x00000000c0ed2f28,0x00000000c4300000)
 Metaspace       used 34725K, capacity 37088K, committed 37336K, reserved 1081344K
  class space    used 3777K, capacity 4572K, committed 4608K, reserved 1048576K
}
Event: 20.221 GC heap before
{Heap before GC invocations=10 (full 2):
 PSYoungGen      total 25600K, used 25376K [0x00000000eab00000, 0x00000000ec880000, 0x0000000100000000)
  eden space 23040K, 100% used [0x00000000eab00000,0x00000000ec180000,0x00000000ec180000)
  from space 2560K, 91% used [0x00000000ec200000,0x00000000ec448020,0x00000000ec480000)
  to   space 3584K, 0% used [0x00000000ec500000,0x00000000ec500000,0x00000000ec880000)
 ParOldGen       total 68608K, used 15179K [0x00000000c0000000, 0x00000000c4300000, 0x00000000eab00000)
  object space 68608K, 22% used [0x00000000c0000000,0x00000000c0ed2f28,0x00000000c4300000)
 Metaspace       used 34817K, capacity 37154K, committed 37336K, reserved 1081344K
  class space    used 3781K, capacity 4572K, committed 4608K, reserved 1048576K
}
Event: 20.254 GC heap after
{Heap after GC invocations=10 (full 2):
 PSYoungGen      total 25088K, used 3552K [0x00000000eab00000, 0x00000000ecb00000, 0x0000000100000000)
  eden space 21504K, 0% used [0x00000000eab00000,0x00000000eab00000,0x00000000ec000000)
  from space 3584K, 99% used [0x00000000ec500000,0x00000000ec878020,0x00000000ec880000)
  to   space 5120K, 0% used [0x00000000ec000000,0x00000000ec000000,0x00000000ec500000)
 ParOldGen       total 68608K, used 15931K [0x00000000c0000000, 0x00000000c4300000, 0x00000000eab00000)
  object space 68608K, 23% used [0x00000000c0000000,0x00000000c0f8ef28,0x00000000c4300000)
 Metaspace       used 34817K, capacity 37154K, committed 37336K, reserved 1081344K
  class space    used 3781K, capacity 4572K, committed 4608K, reserved 1048576K
}
Event: 20.597 GC heap before
{Heap before GC invocations=11 (full 2):
 PSYoungGen      total 25088K, used 25056K [0x00000000eab00000, 0x00000000ecb00000, 0x0000000100000000)
  eden space 21504K, 100% used [0x00000000eab00000,0x00000000ec000000,0x00000000ec000000)
  from space 3584K, 99% used [0x00000000ec500000,0x00000000ec878020,0x00000000ec880000)
  to   space 5120K, 0% used [0x00000000ec000000,0x00000000ec000000,0x00000000ec500000)
 ParOldGen       total 68608K, used 15931K [0x00000000c0000000, 0x00000000c4300000, 0x00000000eab00000)
  object space 68608K, 23% used [0x00000000c0000000,0x00000000c0f8ef28,0x00000000c4300000)
 Metaspace       used 34917K, capacity 37250K, committed 37336K, reserved 1081344K
  class space    used 3786K, capacity 4604K, committed 4608K, reserved 1048576K
}
Event: 20.631 GC heap after
{Heap after GC invocations=11 (full 2):
 PSYoungGen      total 26624K, used 5106K [0x00000000eab00000, 0x00000000ecc00000, 0x0000000100000000)
  eden space 21504K, 0% used [0x00000000eab00000,0x00000000eab00000,0x00000000ec000000)
  from space 5120K, 99% used [0x00000000ec000000,0x00000000ec4fcb38,0x00000000ec500000)
  to   space 6144K, 0% used [0x00000000ec600000,0x00000000ec600000,0x00000000ecc00000)
 ParOldGen       total 68608K, used 16348K [0x00000000c0000000, 0x00000000c4300000, 0x00000000eab00000)
  object space 68608K, 23% used [0x00000000c0000000,0x00000000c0ff7290,0x00000000c4300000)
 Metaspace       used 34917K, capacity 37250K, committed 37336K, reserved 1081344K
  class space    used 3786K, capacity 4604K, committed 4608K, reserved 1048576K
}
Event: 20.876 GC heap before
{Heap before GC invocations=12 (full 2):
 PSYoungGen      total 26624K, used 26610K [0x00000000eab00000, 0x00000000ecc00000, 0x0000000100000000)
  eden space 21504K, 100% used [0x00000000eab00000,0x00000000ec000000,0x00000000ec000000)
  from space 5120K, 99% used [0x00000000ec000000,0x00000000ec4fcb38,0x00000000ec500000)
  to   space 6144K, 0% used [0x00000000ec600000,0x00000000ec600000,0x00000000ecc00000)
 ParOldGen       total 68608K, used 16348K [0x00000000c0000000, 0x00000000c4300000, 0x00000000eab00000)
  object space 68608K, 23% used [0x00000000c0000000,0x00000000c0ff7290,0x00000000c4300000)
 Metaspace       used 34993K, capacity 37314K, committed 37592K, reserved 1083392K
  class space    used 3792K, capacity 4604K, committed 4608K, reserved 1048576K
}
Event: 20.954 GC heap after
{Heap after GC invocations=12 (full 2):
 PSYoungGen      total 26112K, used 4480K [0x00000000eab00000, 0x00000000eca80000, 0x0000000100000000)
  eden space 21504K, 0% used [0x00000000eab00000,0x00000000eab00000,0x00000000ec000000)
  from space 4608K, 97% used [0x00000000ec600000,0x00000000eca60020,0x00000000eca80000)
  to   space 5120K, 0% used [0x00000000ec080000,0x00000000ec080000,0x00000000ec580000)
 ParOldGen       total 68608K, used 19552K [0x00000000c0000000, 0x00000000c4300000, 0x00000000eab00000)
  object space 68608K, 28% used [0x00000000c0000000,0x00000000c1318300,0x00000000c4300000)
 Metaspace       used 34993K, capacity 37314K, committed 37592K, reserved 1083392K
  class space    used 3792K, capacity 4604K, committed 4608K, reserved 1048576K
}
Event: 21.112 GC heap before
{Heap before GC invocations=13 (full 2):
 PSYoungGen      total 26112K, used 25984K [0x00000000eab00000, 0x00000000eca80000, 0x0000000100000000)
  eden space 21504K, 100% used [0x00000000eab00000,0x00000000ec000000,0x00000000ec000000)
  from space 4608K, 97% used [0x00000000ec600000,0x00000000eca60020,0x00000000eca80000)
  to   space 5120K, 0% used [0x00000000ec080000,0x00000000ec080000,0x00000000ec580000)
 ParOldGen       total 68608K, used 19552K [0x00000000c0000000, 0x00000000c4300000, 0x00000000eab00000)
  object space 68608K, 28% used [0x00000000c0000000,0x00000000c1318300,0x00000000c4300000)
 Metaspace       used 34999K, capacity 37314K, committed 37592K, reserved 1083392K
  class space    used 3792K, capacity 4604K, committed 4608K, reserved 1048576K
}
Event: 21.146 GC heap after
{Heap after GC invocations=13 (full 2):
 PSYoungGen      total 24064K, used 2464K [0x00000000eab00000, 0x00000000ec700000, 0x0000000100000000)
  eden space 21504K, 0% used [0x00000000eab00000,0x00000000eab00000,0x00000000ec000000)
  from space 2560K, 96% used [0x00000000ec080000,0x00000000ec2e8010,0x00000000ec300000)
  to   space 3584K, 0% used [0x00000000ec380000,0x00000000ec380000,0x00000000ec700000)
 ParOldGen       total 68608K, used 23870K [0x00000000c0000000, 0x00000000c4300000, 0x00000000eab00000)
  object space 68608K, 34% used [0x00000000c0000000,0x00000000c174fb80,0x00000000c4300000)
 Metaspace       used 34999K, capacity 37314K, committed 37592K, reserved 1083392K
  class space    used 3792K, capacity 4604K, committed 4608K, reserved 1048576K
}
Event: 21.278 GC heap before
{Heap before GC invocations=14 (full 2):
 PSYoungGen      total 24064K, used 23968K [0x00000000eab00000, 0x00000000ec700000, 0x0000000100000000)
  eden space 21504K, 100% used [0x00000000eab00000,0x00000000ec000000,0x00000000ec000000)
  from space 2560K, 96% used [0x00000000ec080000,0x00000000ec2e8010,0x00000000ec300000)
  to   space 3584K, 0% used [0x00000000ec380000,0x00000000ec380000,0x00000000ec700000)
 ParOldGen       total 68608K, used 23870K [0x00000000c0000000, 0x00000000c4300000, 0x00000000eab00000)
  object space 68608K, 34% used [0x00000000c0000000,0x00000000c174fb80,0x00000000c4300000)
 Metaspace       used 34999K, capacity 37314K, committed 37592K, reserved 1083392K
  class space    used 3792K, capacity 4604K, committed 4608K, reserved 1048576K
}
Event: 21.299 GC heap after
{Heap after GC invocations=14 (full 2):
 PSYoungGen      total 24064K, used 2112K [0x00000000eab00000, 0x00000000ec600000, 0x0000000100000000)
  eden space 21504K, 0% used [0x00000000eab00000,0x00000000eab00000,0x00000000ec000000)
  from space 2560K, 82% used [0x00000000ec380000,0x00000000ec590000,0x00000000ec600000)
  to   space 2560K, 0% used [0x00000000ec080000,0x00000000ec080000,0x00000000ec300000)
 ParOldGen       total 68608K, used 26301K [0x00000000c0000000, 0x00000000c4300000, 0x00000000eab00000)
  object space 68608K, 38% used [0x00000000c0000000,0x00000000c19af410,0x00000000c4300000)
 Metaspace       used 34999K, capacity 37314K, committed 37592K, reserved 1083392K
  class space    used 3792K, capacity 4604K, committed 4608K, reserved 1048576K
}
Event: 22.381 GC heap before
{Heap before GC invocations=15 (full 2):
 PSYoungGen      total 24064K, used 23616K [0x00000000eab00000, 0x00000000ec600000, 0x0000000100000000)
  eden space 21504K, 100% used [0x00000000eab00000,0x00000000ec000000,0x00000000ec000000)
  from space 2560K, 82% used [0x00000000ec380000,0x00000000ec590000,0x00000000ec600000)
  to   space 2560K, 0% used [0x00000000ec080000,0x00000000ec080000,0x00000000ec300000)
 ParOldGen       total 68608K, used 26301K [0x00000000c0000000, 0x00000000c4300000, 0x00000000eab00000)
  object space 68608K, 38% used [0x00000000c0000000,0x00000000c19af410,0x00000000c4300000)
 Metaspace       used 35401K, capacity 37679K, committed 37976K, reserved 1083392K
  class space    used 3815K, capacity 4640K, committed 4736K, reserved 1048576K
}
Event: 22.405 GC heap after
{Heap after GC invocations=15 (full 2):
 PSYoungGen      total 23552K, used 1632K [0x00000000eab00000, 0x00000000ec400000, 0x0000000100000000)
  eden space 21504K, 0% used [0x00000000eab00000,0x00000000eab00000,0x00000000ec000000)
  from space 2048K, 79% used [0x00000000ec080000,0x00000000ec218000,0x00000000ec280000)
  to   space 1536K, 0% used [0x00000000ec280000,0x00000000ec280000,0x00000000ec400000)
 ParOldGen       total 68608K, used 28333K [0x00000000c0000000, 0x00000000c4300000, 0x00000000eab00000)
  object space 68608K, 41% used [0x00000000c0000000,0x00000000c1bab410,0x00000000c4300000)
 Metaspace       used 35401K, capacity 37679K, committed 37976K, reserved 1083392K
  class space    used 3815K, capacity 4640K, committed 4736K, reserved 1048576K
}
Event: 23.039 GC heap before
{Heap before GC invocations=16 (full 2):
 PSYoungGen      total 23552K, used 23136K [0x00000000eab00000, 0x00000000ec400000, 0x0000000100000000)
  eden space 21504K, 100% used [0x00000000eab00000,0x00000000ec000000,0x00000000ec000000)
  from space 2048K, 79% used [0x00000000ec080000,0x00000000ec218000,0x00000000ec280000)
  to   space 1536K, 0% used [0x00000000ec280000,0x00000000ec280000,0x00000000ec400000)
 ParOldGen       total 68608K, used 28333K [0x00000000c0000000, 0x00000000c4300000, 0x00000000eab00000)
  object space 68608K, 41% used [0x00000000c0000000,0x00000000c1bab410,0x00000000c4300000)
 Metaspace       used 35411K, capacity 37682K, committed 37976K, reserved 1083392K
  class space    used 3816K, capacity 4641K, committed 4736K, reserved 1048576K
}
Event: 23.059 GC heap after
{Heap after GC invocations=16 (full 2):
 PSYoungGen      total 22016K, used 96K [0x00000000eab00000, 0x00000000ec300000, 0x0000000100000000)
  eden space 21504K, 0% used [0x00000000eab00000,0x00000000eab00000,0x00000000ec000000)
  from space 512K, 18% used [0x00000000ec280000,0x00000000ec298000,0x00000000ec300000)
  to   space 1024K, 0% used [0x00000000ec100000,0x00000000ec100000,0x00000000ec200000)
 ParOldGen       total 68608K, used 29949K [0x00000000c0000000, 0x00000000c4300000, 0x00000000eab00000)
  object space 68608K, 43% used [0x00000000c0000000,0x00000000c1d3f410,0x00000000c4300000)
 Metaspace       used 35411K, capacity 37682K, committed 37976K, reserved 1083392K
  class space    used 3816K, capacity 4641K, committed 4736K, reserved 1048576K
}
Event: 24.017 GC heap before
{Heap before GC invocations=17 (full 2):
 PSYoungGen      total 22016K, used 21600K [0x00000000eab00000, 0x00000000ec300000, 0x0000000100000000)
  eden space 21504K, 100% used [0x00000000eab00000,0x00000000ec000000,0x00000000ec000000)
  from space 512K, 18% used [0x00000000ec280000,0x00000000ec298000,0x00000000ec300000)
  to   space 1024K, 0% used [0x00000000ec100000,0x00000000ec100000,0x00000000ec200000)
 ParOldGen       total 68608K, used 29949K [0x00000000c0000000, 0x00000000c4300000, 0x00000000eab00000)
  object space 68608K, 43% used [0x00000000c0000000,0x00000000c1d3f410,0x00000000c4300000)
 Metaspace       used 35819K, capacity 38171K, committed 38488K, reserved 1083392K
  class space    used 3860K, capacity 4653K, committed 4736K, reserved 1048576K
}
Event: 24.026 GC heap after
{Heap after GC invocations=17 (full 2):
 PSYoungGen      total 22528K, used 441K [0x00000000eab00000, 0x00000000ec300000, 0x0000000100000000)
  eden space 21504K, 0% used [0x00000000eab00000,0x00000000eab00000,0x00000000ec000000)
  from space 1024K, 43% used [0x00000000ec100000,0x00000000ec16e470,0x00000000ec200000)
  to   space 1024K, 0% used [0x00000000ec200000,0x00000000ec200000,0x00000000ec300000)
 ParOldGen       total 68608K, used 29957K [0x00000000c0000000, 0x00000000c4300000, 0x00000000eab00000)
  object space 68608K, 43% used [0x00000000c0000000,0x00000000c1d41410,0x00000000c4300000)
 Metaspace       used 35819K, capacity 38171K, committed 38488K, reserved 1083392K
  class space    used 3860K, capacity 4653K, committed 4736K, reserved 1048576K
}
Event: 793.112 GC heap before
{Heap before GC invocations=18 (full 2):
 PSYoungGen      total 22528K, used 21942K [0x00000000eab00000, 0x00000000ec300000, 0x0000000100000000)
  eden space 21504K, 99% used [0x00000000eab00000,0x00000000ebfff408,0x00000000ec000000)
  from space 1024K, 43% used [0x00000000ec100000,0x00000000ec16e470,0x00000000ec200000)
  to   space 1024K, 0% used [0x00000000ec200000,0x00000000ec200000,0x00000000ec300000)
 ParOldGen       total 68608K, used 29957K [0x00000000c0000000, 0x00000000c4300000, 0x00000000eab00000)
  object space 68608K, 43% used [0x00000000c0000000,0x00000000c1d41410,0x00000000c4300000)
 Metaspace       used 40437K, capacity 42925K, committed 43224K, reserved 1087488K
  class space    used 4194K, capacity 5026K, committed 5120K, reserved 1048576K
}
Event: 793.134 GC heap after
{Heap after GC invocations=18 (full 2):
 PSYoungGen      total 22528K, used 1003K [0x00000000eab00000, 0x00000000ec300000, 0x0000000100000000)
  eden space 21504K, 0% used [0x00000000eab00000,0x00000000eab00000,0x00000000ec000000)
  from space 1024K, 97% used [0x00000000ec200000,0x00000000ec2fac10,0x00000000ec300000)
  to   space 1536K, 0% used [0x00000000ec000000,0x00000000ec000000,0x00000000ec180000)
 ParOldGen       total 68608K, used 30290K [0x00000000c0000000, 0x00000000c4300000, 0x00000000eab00000)
  object space 68608K, 44% used [0x00000000c0000000,0x00000000c1d94a58,0x00000000c4300000)
 Metaspace       used 40437K, capacity 42925K, committed 43224K, reserved 1087488K
  class space    used 4194K, capacity 5026K, committed 5120K, reserved 1048576K
}

Deoptimization events (20 events):
Event: 325.440 Thread 0x00007876c053b000 Uncommon trap: trap_request=0xffffffc6 fr.pc=0x000078772441a9d0 relative=0x00000000000008f0
Event: 325.440 Thread 0x00007876c053b000 Uncommon trap: reason=bimorphic_or_optimized_type_check action=maybe_recompile pc=0x000078772441a9d0 method=java.io.DataOutputStream.writeByte(I)V @ 5 c2
Event: 325.440 Thread 0x00007876c053b000 DEOPT PACKING pc=0x000078772441a9d0 sp=0x00007876d55f43f0
Event: 325.440 Thread 0x00007876c053b000 DEOPT UNPACKING pc=0x000078771c89cf1f sp=0x00007876d55f4408 mode 2
Event: 325.459 Thread 0x00007876c053b000 Uncommon trap: trap_request=0xffffffc6 fr.pc=0x000078772447e6e0 relative=0x0000000000000960
Event: 325.459 Thread 0x00007876c053b000 Uncommon trap: reason=bimorphic_or_optimized_type_check action=maybe_recompile pc=0x000078772447e6e0 method=java.io.DataOutputStream.writeShort(I)V @ 12 c2
Event: 325.459 Thread 0x00007876c053b000 DEOPT PACKING pc=0x000078772447e6e0 sp=0x00007876d55f3df0
Event: 325.460 Thread 0x00007876c053b000 DEOPT UNPACKING pc=0x000078771c89cf1f sp=0x00007876d55f3df8 mode 2
Event: 325.460 Thread 0x00007876c053b000 Uncommon trap: trap_request=0xffffffc6 fr.pc=0x000078772447e6e0 relative=0x0000000000000960
Event: 325.460 Thread 0x00007876c053b000 Uncommon trap: reason=bimorphic_or_optimized_type_check action=maybe_recompile pc=0x000078772447e6e0 method=java.io.DataOutputStream.writeShort(I)V @ 12 c2
Event: 325.460 Thread 0x00007876c053b000 DEOPT PACKING pc=0x000078772447e6e0 sp=0x00007876d55f3df0
Event: 325.460 Thread 0x00007876c053b000 DEOPT UNPACKING pc=0x000078771c89cf1f sp=0x00007876d55f3df8 mode 2
Event: 325.460 Thread 0x00007876c053b000 Uncommon trap: trap_request=0xffffffc6 fr.pc=0x000078772447e6e0 relative=0x0000000000000960
Event: 325.460 Thread 0x00007876c053b000 Uncommon trap: reason=bimorphic_or_optimized_type_check action=maybe_recompile pc=0x000078772447e6e0 method=java.io.DataOutputStream.writeShort(I)V @ 12 c2
Event: 325.460 Thread 0x00007876c053b000 DEOPT PACKING pc=0x000078772447e6e0 sp=0x00007876d55f3df0
Event: 325.460 Thread 0x00007876c053b000 DEOPT UNPACKING pc=0x000078771c89cf1f sp=0x00007876d55f3df8 mode 2
Event: 325.460 Thread 0x00007876c053b000 Uncommon trap: trap_request=0xffffffc6 fr.pc=0x000078772447e6e0 relative=0x0000000000000960
Event: 325.460 Thread 0x00007876c053b000 Uncommon trap: reason=bimorphic_or_optimized_type_check action=maybe_recompile pc=0x000078772447e6e0 method=java.io.DataOutputStream.writeShort(I)V @ 12 c2
Event: 325.460 Thread 0x00007876c053b000 DEOPT PACKING pc=0x000078772447e6e0 sp=0x00007876d55f3df0
Event: 325.460 Thread 0x00007876c053b000 DEOPT UNPACKING pc=0x000078771c89cf1f sp=0x00007876d55f3df8 mode 2

Classes redefined (0 events):
No events

Internal exceptions (20 events):
Event: 23.776 Thread 0x00007876c0002800 Exception <a 'java/io/FileNotFoundException'{0x00000000eb53c958}> (0x00000000eb53c958) thrown at [src/hotspot/share/prims/jni.cpp, line 615]
Event: 23.778 Thread 0x00007876c0002800 Exception <a 'java/io/FileNotFoundException'{0x00000000eb540100}> (0x00000000eb540100) thrown at [src/hotspot/share/prims/jni.cpp, line 615]
Event: 23.779 Thread 0x00007876c0002800 Exception <a 'java/io/FileNotFoundException'{0x00000000eb5414c8}> (0x00000000eb5414c8) thrown at [src/hotspot/share/prims/jni.cpp, line 615]
Event: 24.488 Thread 0x00007876c0002800 Exception <a 'sun/nio/fs/UnixException'{0x00000000eb5aa4c8}> (0x00000000eb5aa4c8) thrown at [src/hotspot/share/prims/jni.cpp, line 615]
Event: 24.490 Thread 0x00007876c0002800 Exception <a 'sun/nio/fs/UnixException'{0x00000000eb5ab4f8}> (0x00000000eb5ab4f8) thrown at [src/hotspot/share/prims/jni.cpp, line 615]
Event: 24.491 Thread 0x00007876c0002800 Exception <a 'sun/nio/fs/UnixException'{0x00000000eb5ac160}> (0x00000000eb5ac160) thrown at [src/hotspot/share/prims/jni.cpp, line 615]
Event: 24.510 Thread 0x00007876c0002800 Exception <a 'sun/nio/fs/UnixException'{0x00000000eb5bab80}> (0x00000000eb5bab80) thrown at [src/hotspot/share/prims/jni.cpp, line 615]
Event: 24.514 Thread 0x00007876c0002800 Exception <a 'sun/nio/fs/UnixException'{0x00000000eb5bdee0}> (0x00000000eb5bdee0) thrown at [src/hotspot/share/prims/jni.cpp, line 615]
Event: 24.516 Thread 0x00007876c0002800 Exception <a 'sun/nio/fs/UnixException'{0x00000000eb5c1128}> (0x00000000eb5c1128) thrown at [src/hotspot/share/prims/jni.cpp, line 615]
Event: 24.635 Thread 0x00007876c0002800 Exception <a 'java/lang/ArrayIndexOutOfBoundsException'{0x00000000eb63ca70}: Index 1358 out of bounds for length 1358> (0x00000000eb63ca70) thrown at [src/hotspot/share/interpreter/interpreterRuntime.cpp, line 444]
Event: 24.707 Thread 0x00007876c0002800 Exception <a 'java/lang/NoSuchMethodError'{0x00000000eb6c3d98}: 'int java.lang.invoke.DirectMethodHandle$Holder.invokeVirtual(java.lang.Object, java.lang.Object)'> (0x00000000eb6c3d98) thrown at [src/hotspot/share/interpreter/linkResolver.cpp, line 773]
Event: 24.806 Thread 0x00007876c0002800 Exception <a 'java/lang/NoSuchMethodError'{0x00000000eb7cfa88}: 'int java.lang.invoke.DirectMethodHandle$Holder.invokeVirtual(java.lang.Object, java.lang.Object, java.lang.Object)'> (0x00000000eb7cfa88) thrown at [src/hotspot/share/interpreter/linkResolver.cpp, line 773]
Event: 25.262 Thread 0x00007876c0002800 Exception <a 'sun/nio/fs/UnixException'{0x00000000ebc22228}> (0x00000000ebc22228) thrown at [src/hotspot/share/prims/jni.cpp, line 615]
Event: 25.302 Thread 0x00007876c0002800 Exception <a 'java/io/FileNotFoundException'{0x00000000ebc64218}> (0x00000000ebc64218) thrown at [src/hotspot/share/prims/jni.cpp, line 615]
Event: 25.303 Thread 0x00007876c0002800 Exception <a 'java/io/FileNotFoundException'{0x00000000ebc65330}> (0x00000000ebc65330) thrown at [src/hotspot/share/prims/jni.cpp, line 615]
Event: 325.456 Thread 0x00007876c053b000 Exception <a 'java/lang/NoSuchMethodError'{0x00000000ebeb1838}: 'java.lang.Object java.lang.invoke.DirectMethodHandle$Holder.invokeSpecial(java.lang.Object, java.lang.Object, java.lang.Object, java.lang.Object, java.lang.Object, java.lang.Object, java.lang.Object, java.lang.Object, java.lang.Object)'> (0x00000000ebeb1838) thrown at [src/hotspot/share/interpreter/linkResolver.cpp, line 773]
Event: 325.457 Thread 0x00007876c053b000 Exception <a 'java/lang/NoSuchMethodError'{0x00000000ebeb54e0}: 'java.lang.Object java.lang.invoke.Invokers$Holder.linkToTargetMethod(java.lang.Object, java.lang.Object, java.lang.Object, java.lang.Object, java.lang.Object, java.lang.Object, java.lang.Object, java.lang.Object)'> (0x00000000ebeb54e0) thrown at [src/hotspot/share/interpreter/linkResolver.cpp, line 773]
Event: 325.587 Thread 0x00007876c053b000 Exception <a 'java/lang/NoSuchMethodError'{0x00000000ebed3868}: 'java.lang.Object java.lang.invoke.DirectMethodHandle$Holder.invokeStatic(java.lang.Object, java.lang.Object, java.lang.Object, long)'> (0x00000000ebed3868) thrown at [src/hotspot/share/interpreter/linkResolver.cpp, line 773]
Event: 325.590 Thread 0x00007876c053b000 Exception <a 'java/lang/NoSuchMethodError'{0x00000000ebedeef0}: 'java.lang.Object java.lang.invoke.DirectMethodHandle$Holder.invokeSpecial(java.lang.Object, java.lang.Object, java.lang.Object, java.lang.Object, long)'> (0x00000000ebedeef0) thrown at [src/hotspot/share/interpreter/linkResolver.cpp, line 773]
Event: 325.592 Thread 0x00007876c053b000 Exception <a 'java/lang/NoSuchMethodError'{0x00000000ebee20e8}: 'java.lang.Object java.lang.invoke.Invokers$Holder.linkToTargetMethod(java.lang.Object, java.lang.Object, long, java.lang.Object)'> (0x00000000ebee20e8) thrown at [src/hotspot/share/interpreter/linkResolver.cpp, line 773]

Events (20 events):
Event: 1253.894 Executing VM operation: RevokeBias
Event: 1253.894 Executing VM operation: RevokeBias done
Event: 1263.911 Executing VM operation: RevokeBias
Event: 1263.911 Executing VM operation: RevokeBias done
Event: 1263.914 Executing VM operation: RevokeBias
Event: 1263.914 Executing VM operation: RevokeBias done
Event: 1263.915 Executing VM operation: RevokeBias
Event: 1263.915 Executing VM operation: RevokeBias done
Event: 1273.953 Executing VM operation: RevokeBias
Event: 1273.953 Executing VM operation: RevokeBias done
Event: 1273.954 Executing VM operation: RevokeBias
Event: 1273.954 Executing VM operation: RevokeBias done
Event: 1273.954 Executing VM operation: RevokeBias
Event: 1273.954 Executing VM operation: RevokeBias done
Event: 1283.988 Executing VM operation: RevokeBias
Event: 1283.989 Executing VM operation: RevokeBias done
Event: 1283.989 Executing VM operation: RevokeBias
Event: 1283.989 Executing VM operation: RevokeBias done
Event: 1283.989 Executing VM operation: RevokeBias
Event: 1283.989 Executing VM operation: RevokeBias done


Dynamic libraries:
c0000000-c4300000 rw-p 00000000 00:00 0 
c4300000-eab00000 ---p 00000000 00:00 0 
eab00000-ec300000 rw-p 00000000 00:00 0 
ec300000-100000000 ---p 00000000 00:00 0 
800000000-800002000 rwxp 00001000 00:2c 369965                           /usr/lib/jvm/java-11-openjdk-amd64/lib/server/classes.jsa
800002000-8003b9000 rw-p 00003000 00:2c 369965                           /usr/lib/jvm/java-11-openjdk-amd64/lib/server/classes.jsa
8003b9000-800a96000 r--p 003ba000 00:2c 369965                           /usr/lib/jvm/java-11-openjdk-amd64/lib/server/classes.jsa
800a96000-800a97000 rw-p 00a97000 00:2c 369965                           /usr/lib/jvm/java-11-openjdk-amd64/lib/server/classes.jsa
800a97000-8010a5000 r--p 00a98000 00:2c 369965                           /usr/lib/jvm/java-11-openjdk-amd64/lib/server/classes.jsa
840000000-840500000 rw-p 00000000 00:00 0 
840500000-880000000 ---p 00000000 00:00 0 
5d2a67cbd000-5d2a67cbe000 r--p 00000000 00:2c 369452                     /usr/lib/jvm/java-11-openjdk-amd64/bin/java
5d2a67cbe000-5d2a67cbf000 r-xp 00001000 00:2c 369452                     /usr/lib/jvm/java-11-openjdk-amd64/bin/java
5d2a67cbf000-5d2a67cc0000 r--p 00002000 00:2c 369452                     /usr/lib/jvm/java-11-openjdk-amd64/bin/java
5d2a67cc0000-5d2a67cc1000 r--p 00002000 00:2c 369452                     /usr/lib/jvm/java-11-openjdk-amd64/bin/java
5d2a67cc1000-5d2a67cc2000 rw-p 00003000 00:2c 369452                     /usr/lib/jvm/java-11-openjdk-amd64/bin/java
5d2a68d87000-5d2a68e26000 rw-p 00000000 00:00 0                          [heap]
787693878000-78769c000000 r--s 00000000 00:2c 369530                     /usr/lib/jvm/java-11-openjdk-amd64/lib/modules
78769c000000-78769c1f7000 rw-p 00000000 00:00 0 
78769c1f7000-7876a0000000 ---p 00000000 00:00 0 
7876a0000000-7876a0024000 rw-p 00000000 00:00 0 
7876a0024000-7876a4000000 ---p 00000000 00:00 0 
7876a4000000-7876a538c000 rw-p 00000000 00:00 0 
7876a538c000-7876a8000000 ---p 00000000 00:00 0 
7876a8000000-7876a8138000 rw-p 00000000 00:00 0 
7876a8138000-7876ac000000 ---p 00000000 00:00 0 
7876ac000000-7876ac0b2000 rw-p 00000000 00:00 0 
7876ac0b2000-7876b0000000 ---p 00000000 00:00 0 
7876b0000000-7876b0021000 rw-p 00000000 00:00 0 
7876b0021000-7876b4000000 ---p 00000000 00:00 0 
7876b4000000-7876b41ac000 rw-p 00000000 00:00 0 
7876b41ac000-7876b8000000 ---p 00000000 00:00 0 
7876b8000000-7876b8021000 rw-p 00000000 00:00 0 
7876b8021000-7876bc000000 ---p 00000000 00:00 0 
7876bc000000-7876bc021000 rw-p 00000000 00:00 0 
7876bc021000-7876c0000000 ---p 00000000 00:00 0 
7876c0000000-7876c0549000 rw-p 00000000 00:00 0 
7876c0549000-7876c4000000 ---p 00000000 00:00 0 
7876c4000000-7876c4021000 rw-p 00000000 00:00 0 
7876c4021000-7876c8000000 ---p 00000000 00:00 0 
7876c8000000-7876c8021000 rw-p 00000000 00:00 0 
7876c8021000-7876cc000000 ---p 00000000 00:00 0 
7876cc000000-7876cc021000 rw-p 00000000 00:00 0 
7876cc021000-7876d0000000 ---p 00000000 00:00 0 
7876d0000000-7876d0021000 rw-p 00000000 00:00 0 
7876d0021000-7876d4000000 ---p 00000000 00:00 0 
7876d50f5000-7876d5235000 rw-p 00000000 00:00 0 
7876d5235000-7876d52f5000 ---p 00000000 00:00 0 
7876d52f5000-7876d54eb000 rw-p 00000000 00:00 0 
7876d54eb000-7876d54f5000 ---p 00000000 00:00 0 
7876d54f5000-7876d54f9000 ---p 00000000 00:00 0 
7876d54f9000-7876d55f6000 rw-p 00000000 00:00 0 
7876d56e1000-7876d56e5000 ---p 00000000 00:00 0 
7876d56e5000-7876d59e2000 rw-p 00000000 00:00 0 
7876d59e2000-7876d5be2000 rw-p 00000000 00:00 0 
7876d5be2000-7876d5de2000 rw-p 00000000 00:00 0 
7876d5de2000-7876d5fe2000 rw-p 00000000 00:00 0 
7876d5fe2000-7876d5fe6000 ---p 00000000 00:00 0 
7876d5fe6000-7876d62e3000 rw-p 00000000 00:00 0 
7876d62e3000-7876d62e7000 ---p 00000000 00:00 0 
7876d62e7000-7876d65e4000 rw-p 00000000 00:00 0 
7876d65e4000-7876d65e8000 ---p 00000000 00:00 0 
7876d65e8000-7876d66e5000 rw-p 00000000 00:00 0 
7876d66e5000-7876d66e9000 ---p 00000000 00:00 0 
7876d66e9000-7876d69e6000 rw-p 00000000 00:00 0 
7876d69e6000-7876d6be6000 rw-p 00000000 00:00 0 
7876d6be6000-7876d6bea000 ---p 00000000 00:00 0 
7876d6bea000-7876d6ce7000 rw-p 00000000 00:00 0 
7876d6ce7000-7876d6ceb000 ---p 00000000 00:00 0 
7876d6ceb000-7876d6fe8000 rw-p 00000000 00:00 0 
7876d6fe8000-7876d71e8000 rw-p 00000000 00:00 0 
7876d71e8000-7876d71ec000 ---p 00000000 00:00 0 
7876d71ec000-7876d74e9000 rw-p 00000000 00:00 0 
7876d74e9000-7876d74ed000 ---p 00000000 00:00 0 
7876d74ed000-7876d75ea000 rw-p 00000000 00:00 0 
7876d75ea000-7876d75ee000 ---p 00000000 00:00 0 
7876d75ee000-7876d78eb000 rw-p 00000000 00:00 0 
7876d78eb000-7876d78ef000 ---p 00000000 00:00 0 
7876d78ef000-7876d7bec000 rw-p 00000000 00:00 0 
7876d7bec000-7876d7bf0000 ---p 00000000 00:00 0 
7876d7bf0000-7876d7ced000 rw-p 00000000 00:00 0 
7876d7ced000-7876d7cfd000 r-xp 00000000 00:2c 747031                     /home/info/.config/Code/User/globalStorage/redhat.java/0.79.2/config_linux/org.eclipse.equinox.launcher/org.eclipse.equinox.launcher.gtk.linux.x86_64_1.2.200.v20210406-1409/eclipse_11401.so
7876d7cfd000-7876d7efc000 ---p 00010000 00:2c 747031                     /home/info/.config/Code/User/globalStorage/redhat.java/0.79.2/config_linux/org.eclipse.equinox.launcher/org.eclipse.equinox.launcher.gtk.linux.x86_64_1.2.200.v20210406-1409/eclipse_11401.so
7876d7efc000-7876d7efd000 r--p 0000f000 00:2c 747031                     /home/info/.config/Code/User/globalStorage/redhat.java/0.79.2/config_linux/org.eclipse.equinox.launcher/org.eclipse.equinox.launcher.gtk.linux.x86_64_1.2.200.v20210406-1409/eclipse_11401.so
7876d7efd000-7876d7efe000 rw-p 00010000 00:2c 747031                     /home/info/.config/Code/User/globalStorage/redhat.java/0.79.2/config_linux/org.eclipse.equinox.launcher/org.eclipse.equinox.launcher.gtk.linux.x86_64_1.2.200.v20210406-1409/eclipse_11401.so
7876d7efe000-7876d7eff000 ---p 00000000 00:00 0 
7876d7eff000-7876d8000000 rw-p 00000000 00:00 0 
7876d8000000-7876d877c000 rw-p 00000000 00:00 0 
7876d877c000-7876dc000000 ---p 00000000 00:00 0 
7876dc000000-7876dc021000 rw-p 00000000 00:00 0 
7876dc021000-7876e0000000 ---p 00000000 00:00 0 
7876e0000000-7876e02d5000 rw-p 00000000 00:00 0 
7876e02d5000-7876e4000000 ---p 00000000 00:00 0 
7876e4000000-7876e4021000 rw-p 00000000 00:00 0 
7876e4021000-7876e8000000 ---p 00000000 00:00 0 
7876e8000000-7876e8021000 rw-p 00000000 00:00 0 
7876e8021000-7876ec000000 ---p 00000000 00:00 0 
7876ec000000-7876ec107000 rw-p 00000000 00:00 0 
7876ec107000-7876f0000000 ---p 00000000 00:00 0 
7876f0000000-7876f0021000 rw-p 00000000 00:00 0 
7876f0021000-7876f4000000 ---p 00000000 00:00 0 
7876f4000000-7876f4021000 rw-p 00000000 00:00 0 
7876f4021000-7876f8000000 ---p 00000000 00:00 0 
7876f8000000-7876f9b7e000 rw-p 00000000 00:00 0 
7876f9b7e000-7876fc000000 ---p 00000000 00:00 0 
7876fc000000-7876fcdba000 rw-p 00000000 00:00 0 
7876fcdba000-787700000000 ---p 00000000 00:00 0 
787700000000-787700021000 rw-p 00000000 00:00 0 
787700021000-787704000000 ---p 00000000 00:00 0 
787704000000-787704021000 rw-p 00000000 00:00 0 
787704021000-787708000000 ---p 00000000 00:00 0 
787708000000-787708021000 rw-p 00000000 00:00 0 
787708021000-78770c000000 ---p 00000000 00:00 0 
78770c000000-78770c021000 rw-p 00000000 00:00 0 
78770c021000-787710000000 ---p 00000000 00:00 0 
787710000000-7877101a7000 rw-p 00000000 00:00 0 
7877101a7000-787714000000 ---p 00000000 00:00 0 
7877140fb000-7877140fc000 ---p 00000000 00:00 0 
7877140fc000-7877141fd000 rw-p 00000000 00:00 0 
7877141fd000-7877141fe000 ---p 00000000 00:00 0 
7877141fe000-7877142ff000 rw-p 00000000 00:00 0 
7877142ff000-787714303000 ---p 00000000 00:00 0 
787714303000-787714400000 rw-p 00000000 00:00 0 
787714400000-787714404000 ---p 00000000 00:00 0 
787714404000-787714501000 rw-p 00000000 00:00 0 
787714501000-787714505000 ---p 00000000 00:00 0 
787714505000-787714602000 rw-p 00000000 00:00 0 
787714602000-787714603000 ---p 00000000 00:00 0 
787714603000-787714704000 rw-p 00000000 00:00 0 
787714704000-787714708000 ---p 00000000 00:00 0 
787714708000-787714805000 rw-p 00000000 00:00 0 
787714805000-787714809000 ---p 00000000 00:00 0 
787714809000-787714906000 rw-p 00000000 00:00 0 
787714906000-78771490a000 ---p 00000000 00:00 0 
78771490a000-787714a07000 rw-p 00000000 00:00 0 
787714a07000-787714a0b000 ---p 00000000 00:00 0 
787714a0b000-787714b08000 rw-p 00000000 00:00 0 
787714b08000-787714b0c000 ---p 00000000 00:00 0 
787714b0c000-787714c09000 rw-p 00000000 00:00 0 
787714c09000-787714c0d000 ---p 00000000 00:00 0 
787714c0d000-787714d0a000 rw-p 00000000 00:00 0 
787714d0a000-787714fef000 r--p 00000000 00:2c 2923                       /usr/lib/locale/locale-archive
787714fef000-787714ff3000 ---p 00000000 00:00 0 
787714ff3000-7877150f0000 rw-p 00000000 00:00 0 
7877150f0000-7877150f4000 ---p 00000000 00:00 0 
7877150f4000-7877151f1000 rw-p 00000000 00:00 0 
7877151f1000-7877151f2000 ---p 00000000 00:00 0 
7877151f2000-787718000000 rw-p 00000000 00:00 0 
787718000000-787718021000 rw-p 00000000 00:00 0 
787718021000-78771c000000 ---p 00000000 00:00 0 
78771c078000-78771c878000 rw-p 00000000 00:00 0 
78771c878000-78771cae8000 rwxp 00000000 00:00 0 
78771cae8000-78771ce08000 ---p 00000000 00:00 0 
78771ce08000-78771d828000 rwxp 00000000 00:00 0 
78771d828000-787724340000 ---p 00000000 00:00 0 
787724340000-7877245b0000 rwxp 00000000 00:00 0 
7877245b0000-78772b878000 ---p 00000000 00:00 0 
78772b878000-787734000000 r--s 00000000 00:2c 369530                     /usr/lib/jvm/java-11-openjdk-amd64/lib/modules
787734000000-787734539000 rw-p 00000000 00:00 0 
787734539000-787738000000 ---p 00000000 00:00 0 
787738023000-787738027000 ---p 00000000 00:00 0 
787738027000-787738045000 rw-p 00000000 00:00 0 
787738045000-78773804d000 r--p 00000000 00:2c 369526                     /usr/lib/jvm/java-11-openjdk-amd64/lib/libsunec.so
78773804d000-787738065000 r-xp 00008000 00:2c 369526                     /usr/lib/jvm/java-11-openjdk-amd64/lib/libsunec.so
787738065000-78773806f000 r--p 00020000 00:2c 369526                     /usr/lib/jvm/java-11-openjdk-amd64/lib/libsunec.so
78773806f000-787738070000 ---p 0002a000 00:2c 369526                     /usr/lib/jvm/java-11-openjdk-amd64/lib/libsunec.so
787738070000-787738074000 r--p 0002a000 00:2c 369526                     /usr/lib/jvm/java-11-openjdk-amd64/lib/libsunec.so
787738074000-787738076000 rw-p 0002e000 00:2c 369526                     /usr/lib/jvm/java-11-openjdk-amd64/lib/libsunec.so
787738076000-78773807a000 r--p 00000000 00:2c 369520                     /usr/lib/jvm/java-11-openjdk-amd64/lib/libnet.so
78773807a000-787738089000 r-xp 00004000 00:2c 369520                     /usr/lib/jvm/java-11-openjdk-amd64/lib/libnet.so
787738089000-78773808d000 r--p 00013000 00:2c 369520                     /usr/lib/jvm/java-11-openjdk-amd64/lib/libnet.so
78773808d000-78773808e000 r--p 00016000 00:2c 369520                     /usr/lib/jvm/java-11-openjdk-amd64/lib/libnet.so
78773808e000-78773808f000 rw-p 00017000 00:2c 369520                     /usr/lib/jvm/java-11-openjdk-amd64/lib/libnet.so
78773808f000-787738096000 r--p 00000000 00:2c 369521                     /usr/lib/jvm/java-11-openjdk-amd64/lib/libnio.so
787738096000-78773809d000 r-xp 00007000 00:2c 369521                     /usr/lib/jvm/java-11-openjdk-amd64/lib/libnio.so
78773809d000-7877380a0000 r--p 0000e000 00:2c 369521                     /usr/lib/jvm/java-11-openjdk-amd64/lib/libnio.so
7877380a0000-7877380a1000 r--p 00010000 00:2c 369521                     /usr/lib/jvm/java-11-openjdk-amd64/lib/libnio.so
7877380a1000-7877380a2000 rw-p 00011000 00:2c 369521                     /usr/lib/jvm/java-11-openjdk-amd64/lib/libnio.so
7877380a2000-787738594000 rw-p 00000000 00:00 0 
787738594000-787738595000 ---p 00000000 00:00 0 
787738595000-7877386b8000 rw-p 00000000 00:00 0 
7877386b8000-7877387ec000 ---p 00000000 00:00 0 
7877387ec000-78773880e000 rw-p 00000000 00:00 0 
78773880e000-787738941000 ---p 00000000 00:00 0 
787738941000-78773894e000 rw-p 00000000 00:00 0 
78773894e000-7877389ec000 ---p 00000000 00:00 0 
7877389ec000-7877389f2000 rw-p 00000000 00:00 0 
7877389f2000-787738ad8000 ---p 00000000 00:00 0 
787738ad8000-787738aed000 rw-p 00000000 00:00 0 
787738aed000-787738bc3000 ---p 00000000 00:00 0 
787738bc3000-787738bc8000 rw-p 00000000 00:00 0 
787738bc8000-787738bcf000 ---p 00000000 00:00 0 
787738bcf000-787738bd1000 r--p 00000000 00:2c 369529                     /usr/lib/jvm/java-11-openjdk-amd64/lib/libzip.so
787738bd1000-787738bd5000 r-xp 00002000 00:2c 369529                     /usr/lib/jvm/java-11-openjdk-amd64/lib/libzip.so
787738bd5000-787738bd7000 r--p 00006000 00:2c 369529                     /usr/lib/jvm/java-11-openjdk-amd64/lib/libzip.so
787738bd7000-787738bd8000 r--p 00007000 00:2c 369529                     /usr/lib/jvm/java-11-openjdk-amd64/lib/libzip.so
787738bd8000-787738bd9000 rw-p 00008000 00:2c 369529                     /usr/lib/jvm/java-11-openjdk-amd64/lib/libzip.so
787738bd9000-787738bdc000 r--p 00000000 00:2c 1841                       /lib/x86_64-linux-gnu/libnss_files-2.28.so
787738bdc000-787738be3000 r-xp 00003000 00:2c 1841                       /lib/x86_64-linux-gnu/libnss_files-2.28.so
787738be3000-787738be5000 r--p 0000a000 00:2c 1841                       /lib/x86_64-linux-gnu/libnss_files-2.28.so
787738be5000-787738be6000 ---p 0000c000 00:2c 1841                       /lib/x86_64-linux-gnu/libnss_files-2.28.so
787738be6000-787738be7000 r--p 0000c000 00:2c 1841                       /lib/x86_64-linux-gnu/libnss_files-2.28.so
787738be7000-787738be8000 rw-p 0000d000 00:2c 1841                       /lib/x86_64-linux-gnu/libnss_files-2.28.so
787738be8000-787738bee000 rw-p 00000000 00:00 0 
787738bef000-787738bf1000 r--s 00007000 00:2c 104306                     /usr/share/java/java-atk-wrapper.jar
787738bf1000-787738bf9000 rw-s 00000000 00:2c 828838                     /tmp/hsperfdata_info/19590
787738bf9000-787738c07000 r--p 00000000 00:2c 369509                     /usr/lib/jvm/java-11-openjdk-amd64/lib/libjava.so
787738c07000-787738c1c000 r-xp 0000e000 00:2c 369509                     /usr/lib/jvm/java-11-openjdk-amd64/lib/libjava.so
787738c1c000-787738c23000 r--p 00023000 00:2c 369509                     /usr/lib/jvm/java-11-openjdk-amd64/lib/libjava.so
787738c23000-787738c24000 r--p 00029000 00:2c 369509                     /usr/lib/jvm/java-11-openjdk-amd64/lib/libjava.so
787738c24000-787738c25000 rw-p 0002a000 00:2c 369509                     /usr/lib/jvm/java-11-openjdk-amd64/lib/libjava.so
787738c25000-787738c26000 rw-p 00000000 00:00 0 
787738c26000-787738c2b000 r--p 00000000 00:2c 369528                     /usr/lib/jvm/java-11-openjdk-amd64/lib/libverify.so
787738c2b000-787738c32000 r-xp 00005000 00:2c 369528                     /usr/lib/jvm/java-11-openjdk-amd64/lib/libverify.so
787738c32000-787738c34000 r--p 0000c000 00:2c 369528                     /usr/lib/jvm/java-11-openjdk-amd64/lib/libverify.so
787738c34000-787738c36000 r--p 0000d000 00:2c 369528                     /usr/lib/jvm/java-11-openjdk-amd64/lib/libverify.so
787738c36000-787738c37000 rw-p 0000f000 00:2c 369528                     /usr/lib/jvm/java-11-openjdk-amd64/lib/libverify.so
787738c37000-787738c39000 r--p 00000000 00:2c 1867                       /lib/x86_64-linux-gnu/librt-2.28.so
787738c39000-787738c3d000 r-xp 00002000 00:2c 1867                       /lib/x86_64-linux-gnu/librt-2.28.so
787738c3d000-787738c3f000 r--p 00006000 00:2c 1867                       /lib/x86_64-linux-gnu/librt-2.28.so
787738c3f000-787738c40000 r--p 00007000 00:2c 1867                       /lib/x86_64-linux-gnu/librt-2.28.so
787738c40000-787738c41000 rw-p 00008000 00:2c 1867                       /lib/x86_64-linux-gnu/librt-2.28.so
787738c41000-787738c45000 ---p 00000000 00:00 0 
787738c45000-787738d42000 rw-p 00000000 00:00 0 
787738d42000-787738d45000 r--p 00000000 00:2c 1807                       /lib/x86_64-linux-gnu/libgcc_s.so.1
787738d45000-787738d56000 r-xp 00003000 00:2c 1807                       /lib/x86_64-linux-gnu/libgcc_s.so.1
787738d56000-787738d59000 r--p 00014000 00:2c 1807                       /lib/x86_64-linux-gnu/libgcc_s.so.1
787738d59000-787738d5a000 ---p 00017000 00:2c 1807                       /lib/x86_64-linux-gnu/libgcc_s.so.1
787738d5a000-787738d5b000 r--p 00017000 00:2c 1807                       /lib/x86_64-linux-gnu/libgcc_s.so.1
787738d5b000-787738d5c000 rw-p 00018000 00:2c 1807                       /lib/x86_64-linux-gnu/libgcc_s.so.1
787738d5c000-787738d69000 r--p 00000000 00:2c 1822                       /lib/x86_64-linux-gnu/libm-2.28.so
787738d69000-787738e08000 r-xp 0000d000 00:2c 1822                       /lib/x86_64-linux-gnu/libm-2.28.so
787738e08000-787738edd000 r--p 000ac000 00:2c 1822                       /lib/x86_64-linux-gnu/libm-2.28.so
787738edd000-787738ede000 r--p 00180000 00:2c 1822                       /lib/x86_64-linux-gnu/libm-2.28.so
787738ede000-787738edf000 rw-p 00181000 00:2c 1822                       /lib/x86_64-linux-gnu/libm-2.28.so
787738edf000-787738f68000 r--p 00000000 00:2c 5121                       /usr/lib/x86_64-linux-gnu/libstdc++.so.6.0.25
787738f68000-787739014000 r-xp 00089000 00:2c 5121                       /usr/lib/x86_64-linux-gnu/libstdc++.so.6.0.25
787739014000-787739052000 r--p 00135000 00:2c 5121                       /usr/lib/x86_64-linux-gnu/libstdc++.so.6.0.25
787739052000-787739053000 ---p 00173000 00:2c 5121                       /usr/lib/x86_64-linux-gnu/libstdc++.so.6.0.25
787739053000-78773905d000 r--p 00173000 00:2c 5121                       /usr/lib/x86_64-linux-gnu/libstdc++.so.6.0.25
78773905d000-78773905f000 rw-p 0017d000 00:2c 5121                       /usr/lib/x86_64-linux-gnu/libstdc++.so.6.0.25
78773905f000-787739063000 rw-p 00000000 00:00 0 
787739063000-7877392dd000 r--p 00000000 00:2c 369533                     /usr/lib/jvm/java-11-openjdk-amd64/lib/server/libjvm.so
7877392dd000-787739ef8000 r-xp 0027a000 00:2c 369533                     /usr/lib/jvm/java-11-openjdk-amd64/lib/server/libjvm.so
787739ef8000-78773a150000 r--p 00e95000 00:2c 369533                     /usr/lib/jvm/java-11-openjdk-amd64/lib/server/libjvm.so
78773a150000-78773a211000 r--p 010ec000 00:2c 369533                     /usr/lib/jvm/java-11-openjdk-amd64/lib/server/libjvm.so
78773a211000-78773a24c000 rw-p 011ad000 00:2c 369533                     /usr/lib/jvm/java-11-openjdk-amd64/lib/server/libjvm.so
78773a24c000-78773a2a5000 rw-p 00000000 00:00 0 
78773a2a5000-78773a2c7000 r--p 00000000 00:2c 1778                       /lib/x86_64-linux-gnu/libc-2.28.so
78773a2c7000-78773a40f000 r-xp 00022000 00:2c 1778                       /lib/x86_64-linux-gnu/libc-2.28.so
78773a40f000-78773a45b000 r--p 0016a000 00:2c 1778                       /lib/x86_64-linux-gnu/libc-2.28.so
78773a45b000-78773a45c000 ---p 001b6000 00:2c 1778                       /lib/x86_64-linux-gnu/libc-2.28.so
78773a45c000-78773a460000 r--p 001b6000 00:2c 1778                       /lib/x86_64-linux-gnu/libc-2.28.so
78773a460000-78773a462000 rw-p 001ba000 00:2c 1778                       /lib/x86_64-linux-gnu/libc-2.28.so
78773a462000-78773a466000 rw-p 00000000 00:00 0 
78773a466000-78773a467000 r--p 00000000 00:2c 1793                       /lib/x86_64-linux-gnu/libdl-2.28.so
78773a467000-78773a468000 r-xp 00001000 00:2c 1793                       /lib/x86_64-linux-gnu/libdl-2.28.so
78773a468000-78773a469000 r--p 00002000 00:2c 1793                       /lib/x86_64-linux-gnu/libdl-2.28.so
78773a469000-78773a46a000 r--p 00002000 00:2c 1793                       /lib/x86_64-linux-gnu/libdl-2.28.so
78773a46a000-78773a46b000 rw-p 00003000 00:2c 1793                       /lib/x86_64-linux-gnu/libdl-2.28.so
78773a46b000-78773a46e000 r--p 00000000 00:2c 369494                     /usr/lib/jvm/java-11-openjdk-amd64/lib/jli/libjli.so
78773a46e000-78773a478000 r-xp 00003000 00:2c 369494                     /usr/lib/jvm/java-11-openjdk-amd64/lib/jli/libjli.so
78773a478000-78773a47b000 r--p 0000d000 00:2c 369494                     /usr/lib/jvm/java-11-openjdk-amd64/lib/jli/libjli.so
78773a47b000-78773a47c000 ---p 00010000 00:2c 369494                     /usr/lib/jvm/java-11-openjdk-amd64/lib/jli/libjli.so
78773a47c000-78773a47d000 r--p 00010000 00:2c 369494                     /usr/lib/jvm/java-11-openjdk-amd64/lib/jli/libjli.so
78773a47d000-78773a47e000 rw-p 00011000 00:2c 369494                     /usr/lib/jvm/java-11-openjdk-amd64/lib/jli/libjli.so
78773a47e000-78773a484000 r--p 00000000 00:2c 1861                       /lib/x86_64-linux-gnu/libpthread-2.28.so
78773a484000-78773a493000 r-xp 00006000 00:2c 1861                       /lib/x86_64-linux-gnu/libpthread-2.28.so
78773a493000-78773a499000 r--p 00015000 00:2c 1861                       /lib/x86_64-linux-gnu/libpthread-2.28.so
78773a499000-78773a49a000 r--p 0001a000 00:2c 1861                       /lib/x86_64-linux-gnu/libpthread-2.28.so
78773a49a000-78773a49b000 rw-p 0001b000 00:2c 1861                       /lib/x86_64-linux-gnu/libpthread-2.28.so
78773a49b000-78773a49f000 rw-p 00000000 00:00 0 
78773a49f000-78773a4bb000 r-xp 00000000 00:2c 1894                       /lib/x86_64-linux-gnu/libz.so.1.2.11
78773a4bb000-78773a6bb000 ---p 0001c000 00:2c 1894                       /lib/x86_64-linux-gnu/libz.so.1.2.11
78773a6bb000-78773a6bc000 r--p 0001c000 00:2c 1894                       /lib/x86_64-linux-gnu/libz.so.1.2.11
78773a6bc000-78773a6bd000 rw-p 0001d000 00:2c 1894                       /lib/x86_64-linux-gnu/libz.so.1.2.11
78773a6bd000-78773a6bf000 rw-p 00000000 00:00 0 
78773a6bf000-78773a6c0000 ---p 00000000 00:00 0 
78773a6c0000-78773a6c1000 r--p 00000000 00:00 0 
78773a6c1000-78773a6c3000 r--p 00000000 00:2c 369512                     /usr/lib/jvm/java-11-openjdk-amd64/lib/libjimage.so
78773a6c3000-78773a6c6000 r-xp 00002000 00:2c 369512                     /usr/lib/jvm/java-11-openjdk-amd64/lib/libjimage.so
78773a6c6000-78773a6c8000 r--p 00005000 00:2c 369512                     /usr/lib/jvm/java-11-openjdk-amd64/lib/libjimage.so
78773a6c8000-78773a6c9000 r--p 00006000 00:2c 369512                     /usr/lib/jvm/java-11-openjdk-amd64/lib/libjimage.so
78773a6c9000-78773a6ca000 rw-p 00007000 00:2c 369512                     /usr/lib/jvm/java-11-openjdk-amd64/lib/libjimage.so
78773a6ca000-78773a6cb000 r--p 00000000 00:2c 1760                       /lib/x86_64-linux-gnu/ld-2.28.so
78773a6cb000-78773a6e9000 r-xp 00001000 00:2c 1760                       /lib/x86_64-linux-gnu/ld-2.28.so
78773a6e9000-78773a6f1000 r--p 0001f000 00:2c 1760                       /lib/x86_64-linux-gnu/ld-2.28.so
78773a6f1000-78773a6f2000 r--p 00026000 00:2c 1760                       /lib/x86_64-linux-gnu/ld-2.28.so
78773a6f2000-78773a6f3000 rw-p 00027000 00:2c 1760                       /lib/x86_64-linux-gnu/ld-2.28.so
78773a6f3000-78773a6f4000 rw-p 00000000 00:00 0 
7fff5e0a5000-7fff5e0c6000 rw-p 00000000 00:00 0                          [stack]
7fff5e102000-7fff5e105000 r--p 00000000 00:00 0                          [vvar]
7fff5e105000-7fff5e106000 r-xp 00000000 00:00 0                          [vdso]
ffffffffff600000-ffffffffff601000 --xp 00000000 00:00 0                  [vsyscall]


VM Arguments:
jvm_args: --add-modules=ALL-SYSTEM --add-opens=java.base/java.util=ALL-UNNAMED --add-opens=java.base/java.lang=ALL-UNNAMED -Declipse.application=org.eclipse.jdt.ls.core.id1 -Dosgi.bundles.defaultStartLevel=4 -Declipse.product=org.eclipse.jdt.ls.core.product -Dfile.encoding=utf8 -XX:+UseParallelGC -XX:GCTimeRatio=4 -XX:AdaptiveSizePolicyWeight=90 -Dsun.zip.disableMemoryMapping=true -Xmx1G -Xms100m -Xverify:none 
java_command: /home/info/.vscode/extensions/redhat.java-0.79.2/server/plugins/org.eclipse.equinox.launcher_1.6.100.v20201223-0822.jar -configuration /home/info/.config/Code/User/globalStorage/redhat.java/0.79.2/config_linux -data /home/info/.config/Code/User/workspaceStorage/e0dea505fcc80659db5ab26ef158eea3/redhat.java/jdt_ws
java_class_path (initial): /home/info/.vscode/extensions/redhat.java-0.79.2/server/plugins/org.eclipse.equinox.launcher_1.6.100.v20201223-0822.jar
Launcher Type: SUN_STANDARD

[Global flags]
    uintx AdaptiveSizePolicyWeight                 = 90                                        {product} {command line}
     bool BytecodeVerificationLocal                = false                                     {product} {command line}
     bool BytecodeVerificationRemote               = false                                     {product} {command line}
     intx CICompilerCount                          = 3                                         {product} {ergonomic}
    uintx GCTimeRatio                              = 4                                         {product} {command line}
   size_t InitialHeapSize                          = 104857600                                 {product} {command line}
   size_t MaxHeapSize                              = 1073741824                                {product} {command line}
   size_t MaxNewSize                               = 357564416                                 {product} {ergonomic}
   size_t MinHeapDeltaBytes                        = 524288                                    {product} {ergonomic}
   size_t NewSize                                  = 34603008                                  {product} {ergonomic}
    uintx NonNMethodCodeHeapSize                   = 5830732                                {pd product} {ergonomic}
    uintx NonProfiledCodeHeapSize                  = 122913754                              {pd product} {ergonomic}
   size_t OldSize                                  = 70254592                                  {product} {ergonomic}
    uintx ProfiledCodeHeapSize                     = 122913754                              {pd product} {ergonomic}
    uintx ReservedCodeCacheSize                    = 251658240                              {pd product} {ergonomic}
     bool SegmentedCodeCache                       = true                                      {product} {ergonomic}
     bool UseCompressedClassPointers               = true                                 {lp64_product} {ergonomic}
     bool UseCompressedOops                        = true                                 {lp64_product} {ergonomic}
     bool UseParallelGC                            = true                                      {product} {command line}

Logging:
Log output configuration:
 #0: stdout all=warning uptime,level,tags
 #1: stderr all=off uptime,level,tags

Environment Variables:
PATH=/home/info/.local/bin:/usr/local/bin:/usr/bin:/bin:/usr/local/games:/usr/games
SHELL=/bin/bash
DISPLAY=:0
LANG=en_US.UTF-8

Signal Handlers:
SIGSEGV: [libjvm.so+0xe21ec0], sa_mask[0]=11111111011111111101111111111110, sa_flags=SA_RESTART|SA_SIGINFO
SIGBUS: [libjvm.so+0xe21ec0], sa_mask[0]=11111111011111111101111111111110, sa_flags=SA_RESTART|SA_SIGINFO
SIGFPE: [libjvm.so+0xe21ec0], sa_mask[0]=11111111011111111101111111111110, sa_flags=SA_RESTART|SA_SIGINFO
SIGPIPE: [libjvm.so+0xb75cf0], sa_mask[0]=11111111011111111101111111111110, sa_flags=SA_RESTART|SA_SIGINFO
SIGXFSZ: [libjvm.so+0xb75cf0], sa_mask[0]=11111111011111111101111111111110, sa_flags=SA_RESTART|SA_SIGINFO
SIGILL: [libjvm.so+0xe21ec0], sa_mask[0]=11111111011111111101111111111110, sa_flags=SA_RESTART|SA_SIGINFO
SIGUSR2: [libjvm.so+0xb75b80], sa_mask[0]=00000000000000000000000000000000, sa_flags=SA_RESTART|SA_SIGINFO
SIGHUP: [libjvm.so+0xb76030], sa_mask[0]=11111111011111111101111111111110, sa_flags=SA_RESTART|SA_SIGINFO
SIGINT: [libjvm.so+0xb76030], sa_mask[0]=11111111011111111101111111111110, sa_flags=SA_RESTART|SA_SIGINFO
SIGTERM: [libjvm.so+0xb76030], sa_mask[0]=11111111011111111101111111111110, sa_flags=SA_RESTART|SA_SIGINFO
SIGQUIT: [libjvm.so+0xb76030], sa_mask[0]=11111111011111111101111111111110, sa_flags=SA_RESTART|SA_SIGINFO


---------------  S Y S T E M  ---------------

OS:PRETTY_NAME="Debian GNU/Linux 10 (buster)"
NAME="Debian GNU/Linux"
VERSION_ID="10"
VERSION="10 (buster)"
VERSION_CODENAME=buster
ID=debian
HOME_URL="https://www.debian.org/"
SUPPORT_URL="https://www.debian.org/support"
BUG_REPORT_URL="https://bugs.debian.org/"
uname:Linux 5.4.99-12983-g8b7876ab9f5e #1 SMP PREEMPT Sun Feb 21 11:49:12 PST 2021 x86_64
OS uptime: 0 days 14:55 hours
libc:glibc 2.28 NPTL 2.28 
rlimit (soft/hard): STACK 8192k/infinity , CORE 0k/infinity , NPROC 26465/26465 , NOFILE 1048576/1048576 , AS infinity/infinity , CPU infinity/infinity , DATA infinity/infinity , FSIZE infinity/infinity , MEMLOCK infinity/infinity
load average:3.23 1.43 0.95

/proc/meminfo:
MemTotal:        6780104 kB
MemFree:         6755720 kB
MemAvailable:    6772464 kB
Buffers:               0 kB
Cached:            16744 kB
SwapCached:            0 kB
Active:            15404 kB
Inactive:           3744 kB
Active(anon):       2640 kB
Inactive(anon):        0 kB
Active(file):      12764 kB
Inactive(file):     3744 kB
Unevictable:           0 kB
Mlocked:              56 kB
SwapTotal:             0 kB
SwapFree:              0 kB
Dirty:                96 kB
Writeback:             0 kB
AnonPages:       1970676 kB
Mapped:           250636 kB
Shmem:                 0 kB
KReclaimable:      69748 kB
Slab:               0 kB
SReclaimable:          0 kB
SUnreclaim:            0 kB
KernelStack:        8144 kB
PageTables:        22428 kB
NFS_Unstable:          0 kB
Bounce:                0 kB
WritebackTmp:          0 kB
CommitLimit:     3390052 kB
Committed_AS:    6277260 kB
VmallocTotal:   34359738367 kB
VmallocUsed:        8612 kB
VmallocChunk:          0 kB
Percpu:             1600 kB
AnonHugePages:         0 kB
ShmemHugePages:        0 kB
ShmemPmdMapped:        0 kB
FileHugePages:         0 kB
FilePmdMapped:         0 kB
HugePages_Total:       0
HugePages_Free:        0
HugePages_Rsvd:        0
HugePages_Surp:        0
Hugepagesize:       2048 kB
Hugetlb:               0 kB
DirectMap4k:      182272 kB
DirectMap2M:     6989824 kB
DirectMap1G:     1048576 kB

/sys/kernel/mm/transparent_hugepage/enabled:
always [madvise] never
/sys/kernel/mm/transparent_hugepage/defrag (defrag/compaction efforts parameter):
always defer defer+madvise [madvise] never

Process Memory:
Virtual Size: 4829644K (peak: 12136364K)
Resident Set Size: 224388K (peak: 224388K) (anon: 192508K, file: 31880K, shmem: 0K)
Swapped out: 0K
C-Heap outstanding allocations: 20141K

/proc/sys/kernel/threads-max (system-wide limit on the number of threads):
52930
/proc/sys/vm/max_map_count (maximum number of memory map areas a process may have):
262144
/proc/sys/kernel/pid_max (system-wide limit on number of process identifiers):
32768

container (cgroup) information:
container_type: cgroupv1
cpu_cpuset_cpus: 0-3
cpu_memory_nodes: 0
active_processor_count: 4
cpu_quota: -1
cpu_period: 100000
cpu_shares: -1
memory_limit_in_bytes: -1
memory_and_swap_limit_in_bytes: -2
memory_soft_limit_in_bytes: -1
memory_usage_in_bytes: 2951135232
memory_max_usage_in_bytes: 3891306496

KVM virtualization detected
Steal ticks since vm start: 39979
Steal ticks percentage since vm start:  0.075

CPU:total 4 (initial active 4) (4 cores per cpu, 1 threads per core) family 6 model 92 stepping 9 microcode 0x1, cmov, cx8, fxsr, mmx, sse, sse2, sse3, ssse3, sse4.1, sse4.2, popcnt, aes, clmul, erms, 3dnowpref, tsc, tscinvbit
CPU Model and flags from /proc/cpuinfo:
model name	: 06/5c
flags		: fpu vme de pse tsc msr pae mce cx8 apic sep mtrr pge mca cmov pat pse36 clflush mmx fxsr sse sse2 ss ht syscall nx pdpe1gb rdtscp lm constant_tsc arch_perfmon rep_good nopl xtopology nonstop_tsc cpuid tsc_known_freq pni pclmulqdq ssse3 cx16 sse4_1 sse4_2 x2apic movbe popcnt tsc_deadline_timer aes xsave rdrand hypervisor lahf_lm 3dnowprefetch ibrs ibpb stibp fsgsbase tsc_adjust smep erms mpx rdseed smap clflushopt xsaveopt xsavec xgetbv1 arat md_clear arch_capabilities
Online cpus:
0-3
Offline cpus:

BIOS frequency limitation:
<Not Available>
Frequency switch latency (ns):
<Not Available>
Available cpu frequencies:
<Not Available>
Current governor:
<Not Available>
Core performance/turbo boost:
<Not Available>

Memory: 4k page, physical 6780104k(329340k free), swap 0k(0k free)

vm_info: OpenJDK 64-Bit Server VM (11.0.11+9-post-Debian-1deb10u1) for linux-amd64 JRE (11.0.11+9-post-Debian-1deb10u1), built on Apr 21 2021 15:55:49 by "unknown" with gcc 8.3.0

END.
